<?xml version="1.0" encoding="UTF-8"?>
<!-- Generated by org.testng.reporters.JUnitReportReporter -->
<testsuite hostname="Janodya-lap" failures="0" tests="1" name="com.Optiomax.testCases.AddNewSupplierIndividualTest" time="32.841" errors="0" timestamp="2024-09-06T13:24:07 IST" skipped="0">
  <testcase classname="com.Optiomax.testCases.AddNewSupplierIndividualTest" name="testMissingRequiredFields" time="32.841"/>
  <system-out/>
</testsuite> <!-- com.Optiomax.testCases.AddNewSupplierIndividualTest -->
