<?xml version="1.0" encoding="UTF-8"?>
<!-- Generated by org.testng.reporters.JUnitReportReporter -->
<testsuite hostname="Janodya-lap" failures="0" tests="11" name="com.Optiomax.testCases.UserRolesTest" time="17.464" errors="0" timestamp="2024-09-05T14:47:20 IST" skipped="0">
  <testcase classname="com.Optiomax.testCases.UserRolesTest" name="testAddNewUserRoleButton" time="3.650"/>
  <system-out/>
  <testcase classname="com.Optiomax.testCases.UserRolesTest" name="testSearchFunctionality" time="4.006"/>
  <system-out/>
  <testcase classname="com.Optiomax.testCases.UserRolesTest" name="testSearchNoResults" time="1.021"/>
  <system-out/>
  <testcase classname="com.Optiomax.testCases.UserRolesTest" name="testExportCSV" time="0.841"/>
  <system-out/>
  <testcase classname="com.Optiomax.testCases.UserRolesTest" name="testFilterValidCriteria" time="0.548"/>
  <system-out/>
  <testcase classname="com.Optiomax.testCases.UserRolesTest" name="testFilterInvalidCriteria" time="0.561"/>
  <system-out/>
  <testcase classname="com.Optiomax.testCases.UserRolesTest" name="testFilterNonExistingData" time="0.699"/>
  <system-out/>
  <testcase classname="com.Optiomax.testCases.UserRolesTest" name="testToggleListView" time="0.562"/>
  <system-out/>
  <testcase classname="com.Optiomax.testCases.UserRolesTest" name="testToggleGridView" time="1.037"/>
  <system-out/>
  <testcase classname="com.Optiomax.testCases.UserRolesTest" name="testNextPageButton" time="3.692"/>
  <system-out/>
  <testcase classname="com.Optiomax.testCases.UserRolesTest" name="testPreviousPageButton" time="0.847"/>
  <system-out/>
</testsuite> <!-- com.Optiomax.testCases.UserRolesTest -->
