<?xml version="1.0" encoding="UTF-8"?>
<!-- Generated by org.testng.reporters.JUnitReportReporter -->
<testsuite hostname="Janodya-lap" failures="0" tests="4" name="com.Optiomax.testCases.ThemeToggleTest" time="30.985" errors="0" timestamp="2024-06-27T11:26:59 IST" skipped="0">
  <testcase classname="com.Optiomax.testCases.ThemeToggleTest" name="testSwitchToDarkMode" time="5.140"/>
  <system-out/>
  <testcase classname="com.Optiomax.testCases.ThemeToggleTest" name="testSwitchToLightMode" time="5.202"/>
  <system-out/>
  <testcase classname="com.Optiomax.testCases.ThemeToggleTest" name="testThemePersistenceAfterRefresh" time="10.429"/>
  <system-out/>
  <testcase classname="com.Optiomax.testCases.ThemeToggleTest" name="testSmoothTransitionBetweenModes" time="10.214"/>
  <system-out/>
</testsuite> <!-- com.Optiomax.testCases.ThemeToggleTest -->
