<?xml version="1.0" encoding="UTF-8"?>
<!-- Generated by org.testng.reporters.JUnitReportReporter -->
<testsuite hostname="Janodya-lap" failures="0" tests="1" name="com.Optiomax.testCases.AddNewAssetRequisitionTest" time="29.711" errors="0" timestamp="2024-09-05T16:21:41 IST" skipped="0">
  <testcase classname="com.Optiomax.testCases.AddNewAssetRequisitionTest" name="testAddNewAssetRequisition" time="29.711"/>
  <system-out/>
</testsuite> <!-- com.Optiomax.testCases.AddNewAssetRequisitionTest -->
