<?xml version="1.0" encoding="UTF-8"?>
<!-- Generated by org.testng.reporters.JUnitReportReporter -->
<testsuite hostname="Janodya-lap" failures="0" tests="13" name="com.Optiomax.testCases.AssetManagementTest" time="60.743" errors="0" timestamp="2024-09-13T09:31:51 IST" skipped="0">
  <testcase classname="com.Optiomax.testCases.AssetManagementTest" name="testPageLoad" time="5.063"/>
  <system-out/>
  <testcase classname="com.Optiomax.testCases.AssetManagementTest" name="testAssetManagementCardsDisplay" time="0.034"/>
  <system-out/>
  <testcase classname="com.Optiomax.testCases.AssetManagementTest" name="testAssetRecordRegister" time="3.417"/>
  <system-out/>
  <testcase classname="com.Optiomax.testCases.AssetManagementTest" name="testSearchFunctionalityWithValidInput" time="9.348"/>
  <system-out/>
  <testcase classname="com.Optiomax.testCases.AssetManagementTest" name="testErrorHandlingForNonExistentAssetSerialNumber" time="6.208"/>
  <system-out/>
  <testcase classname="com.Optiomax.testCases.AssetManagementTest" name="testSearchWithPartialSerialNumber" time="5.882"/>
  <system-out/>
  <testcase classname="com.Optiomax.testCases.AssetManagementTest" name="testViewAssetManagement" time="6.253"/>
  <system-out/>
  <testcase classname="com.Optiomax.testCases.AssetManagementTest" name="testUpdateAssetManagement" time="7.362"/>
  <system-out/>
  <testcase classname="com.Optiomax.testCases.AssetManagementTest" name="testDeleteAssetManagement" time="6.924"/>
  <system-out/>
  <testcase classname="com.Optiomax.testCases.AssetManagementTest" name="testToggleListView" time="1.127"/>
  <system-out/>
  <testcase classname="com.Optiomax.testCases.AssetManagementTest" name="testToggleGridView" time="0.890"/>
  <system-out/>
  <testcase classname="com.Optiomax.testCases.AssetManagementTest" name="testNextPageButton" time="3.781"/>
  <system-out/>
  <testcase classname="com.Optiomax.testCases.AssetManagementTest" name="testPreviousPageButton" time="4.454"/>
  <system-out/>
</testsuite> <!-- com.Optiomax.testCases.AssetManagementTest -->
