<?xml version="1.0" encoding="UTF-8"?>
<!-- Generated by org.testng.reporters.JUnitReportReporter -->
<testsuite hostname="Janodya-lap" failures="0" tests="10" name="com.Optiomax.testCases.ProcurementInitiateTest" time="53.965" errors="0" timestamp="2024-09-18T15:02:29 IST" skipped="0">
  <testcase classname="com.Optiomax.testCases.ProcurementInitiateTest" name="testPageLoad" time="0.063"/>
  <system-out/>
  <testcase classname="com.Optiomax.testCases.ProcurementInitiateTest" name="testProcurementInitiateCardsDisplay" time="0.031"/>
  <system-out/>
  <testcase classname="com.Optiomax.testCases.ProcurementInitiateTest" name="testAddNewProcurementInitiateButton" time="3.342"/>
  <system-out/>
  <testcase classname="com.Optiomax.testCases.ProcurementInitiateTest" name="testSearchFunctionalityWithValidInput" time="6.905"/>
  <system-out/>
  <testcase classname="com.Optiomax.testCases.ProcurementInitiateTest" name="testErrorHandlingForNonExistentProcurementID" time="7.461"/>
  <system-out/>
  <testcase classname="com.Optiomax.testCases.ProcurementInitiateTest" name="testSearchWithPartialNames" time="7.662"/>
  <system-out/>
  <testcase classname="com.Optiomax.testCases.ProcurementInitiateTest" name="testToggleGridView" time="7.257"/>
  <system-out/>
  <testcase classname="com.Optiomax.testCases.ProcurementInitiateTest" name="testToggleListView" time="7.299"/>
  <system-out/>
  <testcase classname="com.Optiomax.testCases.ProcurementInitiateTest" name="testNextPageButton" time="10.093"/>
  <system-out/>
  <testcase classname="com.Optiomax.testCases.ProcurementInitiateTest" name="testPreviousPageButton" time="3.852"/>
  <system-out/>
</testsuite> <!-- com.Optiomax.testCases.ProcurementInitiateTest -->
