<?xml version="1.0" encoding="UTF-8"?>
<!-- Generated by org.testng.reporters.JUnitReportReporter -->
<testsuite hostname="Janodya-lap" failures="0" tests="11" name="com.Optiomax.testCases.UserRolesTest" time="12.949" errors="0" timestamp="2024-06-26T15:59:45 IST" skipped="0">
  <testcase classname="com.Optiomax.testCases.UserRolesTest" name="testAddNewUserRoleButton" time="0.903"/>
  <system-out/>
  <testcase classname="com.Optiomax.testCases.UserRolesTest" name="testSearchFunctionality" time="3.700"/>
  <system-out/>
  <testcase classname="com.Optiomax.testCases.UserRolesTest" name="testSearchNoResults" time="0.676"/>
  <system-out/>
  <testcase classname="com.Optiomax.testCases.UserRolesTest" name="testExportCSV" time="0.550"/>
  <system-out/>
  <testcase classname="com.Optiomax.testCases.UserRolesTest" name="testFilterValidCriteria" time="0.559"/>
  <system-out/>
  <testcase classname="com.Optiomax.testCases.UserRolesTest" name="testFilterInvalidCriteria" time="0.567"/>
  <system-out/>
  <testcase classname="com.Optiomax.testCases.UserRolesTest" name="testFilterNonExistingData" time="0.542"/>
  <system-out/>
  <testcase classname="com.Optiomax.testCases.UserRolesTest" name="testToggleListView" time="0.585"/>
  <system-out/>
  <testcase classname="com.Optiomax.testCases.UserRolesTest" name="testToggleGridView" time="0.631"/>
  <system-out/>
  <testcase classname="com.Optiomax.testCases.UserRolesTest" name="testNextPageButton" time="3.668"/>
  <system-out/>
  <testcase classname="com.Optiomax.testCases.UserRolesTest" name="testPreviousPageButton" time="0.568"/>
  <system-out/>
</testsuite> <!-- com.Optiomax.testCases.UserRolesTest -->
