<?xml version="1.0" encoding="UTF-8"?>
<!-- Generated by org.testng.reporters.JUnitReportReporter -->
<testsuite hostname="Janodya-lap" failures="0" tests="11" name="com.Optiomax.testCases.WorkflowTest" time="33.038" errors="0" timestamp="2024-09-13T16:12:45 IST" skipped="0">
  <testcase classname="com.Optiomax.testCases.WorkflowTest" name="verifyAddNewWorkflow" time="3.969"/>
  <system-out/>
  <testcase classname="com.Optiomax.testCases.WorkflowTest" name="verifyUpdateWorkflow" time="6.957"/>
  <system-out/>
  <testcase classname="com.Optiomax.testCases.WorkflowTest" name="verifyDeleteWorkflow" time="9.206"/>
  <system-out/>
  <testcase classname="com.Optiomax.testCases.WorkflowTest" name="searchWorkflow" time="6.287"/>
  <system-out/>
  <testcase classname="com.Optiomax.testCases.WorkflowTest" name="searchNoResults" time="3.307"/>
  <system-out/>
  <testcase classname="com.Optiomax.testCases.WorkflowTest" name="exportCSV" time="0.063"/>
  <system-out/>
  <testcase classname="com.Optiomax.testCases.WorkflowTest" name="exportCSVError" time="0.060"/>
  <system-out/>
  <testcase classname="com.Optiomax.testCases.WorkflowTest" name="exportCSVWithoutData" time="1.166"/>
  <system-out/>
  <testcase classname="com.Optiomax.testCases.WorkflowTest" name="toggleGridView" time="1.114"/>
  <system-out/>
  <testcase classname="com.Optiomax.testCases.WorkflowTest" name="toggleListView" time="0.762"/>
  <system-out/>
  <testcase classname="com.Optiomax.testCases.WorkflowTest" name="verifyListViewDetails" time="0.147"/>
  <system-out/>
</testsuite> <!-- com.Optiomax.testCases.WorkflowTest -->
