<?xml version="1.0" encoding="UTF-8"?>
<!-- Generated by org.testng.reporters.JUnitReportReporter -->
<testsuite hostname="Janodya-lap" failures="0" tests="10" name="com.Optiomax.testCases.ProfileMenuTest" time="1.106" errors="0" timestamp="2024-06-27T11:25:07 IST" skipped="0">
  <testcase classname="com.Optiomax.testCases.ProfileMenuTest" name="testProfileImageFunctionality" time="0.105"/>
  <system-out/>
  <testcase classname="com.Optiomax.testCases.ProfileMenuTest" name="testAccessMyProfile" time="0.202"/>
  <system-out/>
  <testcase classname="com.Optiomax.testCases.ProfileMenuTest" name="testAccessAccountSettings" time="0.150"/>
  <system-out/>
  <testcase classname="com.Optiomax.testCases.ProfileMenuTest" name="testAccessMyLikes" time="0.131"/>
  <system-out/>
  <testcase classname="com.Optiomax.testCases.ProfileMenuTest" name="testAccessCollections" time="0.124"/>
  <system-out/>
  <testcase classname="com.Optiomax.testCases.ProfileMenuTest" name="testSignOut" time="0.140"/>
  <system-out/>
  <testcase classname="com.Optiomax.testCases.ProfileMenuTest" name="testAccessDropdownMenuWithoutUserInteraction" time="0.001"/>
  <system-out/>
  <testcase classname="com.Optiomax.testCases.ProfileMenuTest" name="testVisibilityOfUserNameAndEmail" time="0.090"/>
  <system-out/>
  <testcase classname="com.Optiomax.testCases.ProfileMenuTest" name="testSmoothOperationOfDropdownMenu" time="0.097"/>
  <system-out/>
  <testcase classname="com.Optiomax.testCases.ProfileMenuTest" name="testNonResponsivenessOfDropdownMenuOnClickingOutside" time="0.066"/>
  <system-out/>
</testsuite> <!-- com.Optiomax.testCases.ProfileMenuTest -->
