<?xml version="1.0" encoding="UTF-8"?>
<!-- Generated by org.testng.reporters.JUnitReportReporter -->
<testsuite hostname="Janodya-lap" failures="0" tests="6" name="com.Optiomax.testCases.AssetRequisitionTest" time="16.716" errors="0" timestamp="2024-09-06T16:14:39 IST" skipped="0">
  <testcase classname="com.Optiomax.testCases.AssetRequisitionTest" name="testPageLoad" time="5.099"/>
  <system-out/>
  <testcase classname="com.Optiomax.testCases.AssetRequisitionTest" name="testAssetRequisitionCardsDisplay" time="0.033"/>
  <system-out/>
  <testcase classname="com.Optiomax.testCases.AssetRequisitionTest" name="testAddNewAssetRequisitionButton" time="3.338"/>
  <system-out/>
  <testcase classname="com.Optiomax.testCases.AssetRequisitionTest" name="testSearchFunctionalityWithValidInput" time="4.934"/>
  <system-out/>
  <testcase classname="com.Optiomax.testCases.AssetRequisitionTest" name="testErrorHandlingForNonExistentAssetRequisitionID" time="0.216"/>
  <system-out/>
  <testcase classname="com.Optiomax.testCases.AssetRequisitionTest" name="testSearchWithPartialNames" time="3.096"/>
  <system-out/>
</testsuite> <!-- com.Optiomax.testCases.AssetRequisitionTest -->
