<?xml version="1.0" encoding="UTF-8"?>
<!-- Generated by org.testng.reporters.JUnitReportReporter -->
<testsuite hostname="Janodya-lap" failures="0" tests="15" name="com.Optiomax.testCases.SignInTest" time="110.668" errors="0" timestamp="2024-09-13T10:39:40 IST" skipped="0">
  <testcase classname="com.Optiomax.testCases.SignInTest" name="testExceedingMaxLengthInEmail" time="7.705"/>
  <system-out/>
  <testcase classname="com.Optiomax.testCases.SignInTest" name="testLeadingTrailingSpacesInPassword" time="6.940"/>
  <system-out/>
  <testcase classname="com.Optiomax.testCases.SignInTest" name="testCorrectEmailEmptyPassword" time="6.974"/>
  <system-out/>
  <testcase classname="com.Optiomax.testCases.SignInTest" name="testLeadingTrailingSpacesInEmail" time="6.976"/>
  <system-out/>
  <testcase classname="com.Optiomax.testCases.SignInTest" name="testUnregisteredEmail" time="6.948"/>
  <system-out/>
  <testcase classname="com.Optiomax.testCases.SignInTest" name="testInvalidEmailFormat" time="6.978"/>
  <system-out/>
  <testcase classname="com.Optiomax.testCases.SignInTest" name="testRememberMeFunctionality" time="7.052"/>
  <system-out/>
  <testcase classname="com.Optiomax.testCases.SignInTest" name="testCorrectPasswordEmptyEmail" time="7.082"/>
  <system-out/>
  <testcase classname="com.Optiomax.testCases.SignInTest" name="testEmptyEmailEmptyPassword" time="6.923"/>
  <system-out/>
  <testcase classname="com.Optiomax.testCases.SignInTest" name="testCorrectEmailIncorrectPassword" time="6.893"/>
  <system-out/>
  <testcase classname="com.Optiomax.testCases.SignInTest" name="testSpecialCharactersInEmail" time="6.963"/>
  <system-out/>
  <testcase classname="com.Optiomax.testCases.SignInTest" name="validEmailAndPassword" time="12.035"/>
  <system-out/>
  <testcase classname="com.Optiomax.testCases.SignInTest" name="testExceedingMaxLengthInPassword" time="7.303"/>
  <system-out/>
  <testcase classname="com.Optiomax.testCases.SignInTest" name="testIncorrectEmailCorrectPassword" time="6.943"/>
  <system-out/>
  <testcase classname="com.Optiomax.testCases.SignInTest" name="testInvalidCharactersInEmail" time="6.953"/>
  <system-out/>
</testsuite> <!-- com.Optiomax.testCases.SignInTest -->
