<?xml version="1.0" encoding="UTF-8"?>
<!-- Generated by org.testng.reporters.JUnitReportReporter -->
<testsuite hostname="Janodya-lap" failures="0" tests="12" name="com.Optiomax.testCases.WorkflowTest" time="28.284" errors="0" timestamp="2024-06-19T15:10:59 IST" skipped="0">
  <testcase classname="com.Optiomax.testCases.WorkflowTest" name="verifyAddNewWorkflow" time="3.299"/>
  <system-out/>
  <testcase classname="com.Optiomax.testCases.WorkflowTest" name="verifyUpdateWorkflow" time="3.183"/>
  <system-out/>
  <testcase classname="com.Optiomax.testCases.WorkflowTest" name="verifyDeleteWorkflow" time="3.153"/>
  <system-out/>
  <testcase classname="com.Optiomax.testCases.WorkflowTest" name="searchWorkflow" time="3.241"/>
  <system-out/>
  <testcase classname="com.Optiomax.testCases.WorkflowTest" name="searchNoResults" time="3.299"/>
  <system-out/>
  <testcase classname="com.Optiomax.testCases.WorkflowTest" name="exportCSV" time="0.059"/>
  <system-out/>
  <testcase classname="com.Optiomax.testCases.WorkflowTest" name="exportCSVError" time="0.050"/>
  <system-out/>
  <testcase classname="com.Optiomax.testCases.WorkflowTest" name="exportCSVWithoutData" time="0.945"/>
  <system-out/>
  <testcase classname="com.Optiomax.testCases.WorkflowTest" name="toggleGridView" time="0.816"/>
  <system-out/>
  <testcase classname="com.Optiomax.testCases.WorkflowTest" name="toggleListView" time="0.781"/>
  <system-out/>
  <testcase classname="com.Optiomax.testCases.WorkflowTest" name="verifyListViewDetails" time="0.164"/>
  <system-out/>
  <testcase classname="com.Optiomax.testCases.WorkflowTest" name="verifyResponsiveDesign" time="9.294"/>
  <system-out/>
</testsuite> <!-- com.Optiomax.testCases.WorkflowTest -->
