<?xml version="1.0" encoding="UTF-8"?>
<!-- Generated by org.testng.reporters.JUnitReportReporter -->
<testsuite hostname="Janodya-lap" failures="0" tests="5" name="com.Optiomax.testCases.OrganizationTest" time="22.441" errors="0" timestamp="2024-06-19T15:24:36 IST" skipped="0">
  <testcase classname="com.Optiomax.testCases.OrganizationTest" name="testAddOrganizationButtonVisibleAndFunctional" time="4.103"/>
  <system-out/>
  <testcase classname="com.Optiomax.testCases.OrganizationTest" name="testUpdateOrganizationButtonVisibleAndFunctional" time="5.843"/>
  <system-out/>
  <testcase classname="com.Optiomax.testCases.OrganizationTest" name="testDeleteOrganizationButtonVisibleAndFunctional" time="6.003"/>
  <system-out/>
  <testcase classname="com.Optiomax.testCases.OrganizationTest" name="testResponsiveness" time="6.401"/>
  <system-out/>
  <testcase classname="com.Optiomax.testCases.OrganizationTest" name="testNavigateToHomePage" time="0.091"/>
  <system-out/>
</testsuite> <!-- com.Optiomax.testCases.OrganizationTest -->
