<?xml version="1.0" encoding="UTF-8"?>
<!-- Generated by org.testng.reporters.JUnitReportReporter -->
<testsuite hostname="Janodya-lap" failures="0" tests="5" name="com.Optiomax.testCases.AssetRequisitionTest" time="15.557" errors="0" timestamp="2024-08-07T12:27:49 IST" skipped="0">
  <testcase classname="com.Optiomax.testCases.AssetRequisitionTest" name="testPageLoad" time="5.085"/>
  <system-out/>
  <testcase classname="com.Optiomax.testCases.AssetRequisitionTest" name="testAssetRequisitionCardsDisplay" time="0.026"/>
  <system-out/>
  <testcase classname="com.Optiomax.testCases.AssetRequisitionTest" name="testAddNewAssetRequisitionButton" time="3.269"/>
  <system-out/>
  <testcase classname="com.Optiomax.testCases.AssetRequisitionTest" name="testSearchFunctionalityWithValidInput" time="3.997"/>
  <system-out/>
  <testcase classname="com.Optiomax.testCases.AssetRequisitionTest" name="testSearchWithPartialNames" time="3.180"/>
  <system-out/>
</testsuite> <!-- com.Optiomax.testCases.AssetRequisitionTest -->
