<?xml version="1.0" encoding="UTF-8"?>
<!-- Generated by org.testng.reporters.JUnitReportReporter -->
<testsuite hostname="Janodya-lap" failures="0" tests="11" name="com.Optiomax.testCases.UsersTest" time="12.926" errors="0" timestamp="2024-06-26T16:54:37 IST" skipped="0">
  <testcase classname="com.Optiomax.testCases.UsersTest" name="testAddNewUsersButton" time="0.671"/>
  <system-out/>
  <testcase classname="com.Optiomax.testCases.UsersTest" name="testSearchFunctionality" time="3.851"/>
  <system-out/>
  <testcase classname="com.Optiomax.testCases.UsersTest" name="testSearchNoResults" time="0.685"/>
  <system-out/>
  <testcase classname="com.Optiomax.testCases.UsersTest" name="testExportCSV" time="0.566"/>
  <system-out/>
  <testcase classname="com.Optiomax.testCases.UsersTest" name="testFilterValidCriteria" time="0.572"/>
  <system-out/>
  <testcase classname="com.Optiomax.testCases.UsersTest" name="testFilterInvalidCriteria" time="0.552"/>
  <system-out/>
  <testcase classname="com.Optiomax.testCases.UsersTest" name="testFilterNonExistingData" time="0.590"/>
  <system-out/>
  <testcase classname="com.Optiomax.testCases.UsersTest" name="testToggleListView" time="0.617"/>
  <system-out/>
  <testcase classname="com.Optiomax.testCases.UsersTest" name="testToggleGridView" time="0.591"/>
  <system-out/>
  <testcase classname="com.Optiomax.testCases.UsersTest" name="testNextPageButton" time="3.649"/>
  <system-out/>
  <testcase classname="com.Optiomax.testCases.UsersTest" name="testPreviousPageButton" time="0.582"/>
  <system-out/>
</testsuite> <!-- com.Optiomax.testCases.UsersTest -->
