<?xml version="1.0" encoding="UTF-8"?>
<!-- Generated by org.testng.reporters.JUnitReportReporter -->
<testsuite hostname="Janodya-lap" failures="0" tests="11" name="com.Optiomax.testCases.ProcurementStaffTest" time="38.943" errors="0" timestamp="2024-09-18T11:33:58 IST" skipped="0">
  <testcase classname="com.Optiomax.testCases.ProcurementStaffTest" name="testPageLoad" time="0.101"/>
  <system-out/>
  <testcase classname="com.Optiomax.testCases.ProcurementStaffTest" name="testStaffCardsDisplay" time="0.029"/>
  <system-out/>
  <testcase classname="com.Optiomax.testCases.ProcurementStaffTest" name="testAddNewMemberButton" time="3.506"/>
  <system-out/>
  <testcase classname="com.Optiomax.testCases.ProcurementStaffTest" name="testUpdateButtonFunctionality" time="4.466"/>
  <system-out/>
  <testcase classname="com.Optiomax.testCases.ProcurementStaffTest" name="testDeleteButtonFunctionality" time="6.957"/>
  <system-out/>
  <testcase classname="com.Optiomax.testCases.ProcurementStaffTest" name="testSearchFunctionalityWithValidInput" time="4.031"/>
  <system-out/>
  <testcase classname="com.Optiomax.testCases.ProcurementStaffTest" name="testErrorHandlingForNonExistentStaff" time="3.851"/>
  <system-out/>
  <testcase classname="com.Optiomax.testCases.ProcurementStaffTest" name="testSearchFunctionalityWithPartialNames" time="4.192"/>
  <system-out/>
  <testcase classname="com.Optiomax.testCases.ProcurementStaffTest" name="testToggleGridView" time="4.129"/>
  <system-out/>
  <testcase classname="com.Optiomax.testCases.ProcurementStaffTest" name="testExportCSV" time="4.162"/>
  <system-out/>
  <testcase classname="com.Optiomax.testCases.ProcurementStaffTest" name="testFilterValidCriteria" time="3.519"/>
  <system-out/>
</testsuite> <!-- com.Optiomax.testCases.ProcurementStaffTest -->
