<?xml version="1.0" encoding="UTF-8"?>
<!-- Generated by org.testng.reporters.JUnitReportReporter -->
<testsuite hostname="Janodya-lap" failures="0" tests="10" name="com.Optiomax.testCases.UserRolesTest" time="41.693" errors="0" timestamp="2024-09-13T12:18:24 IST" skipped="0">
  <testcase classname="com.Optiomax.testCases.UserRolesTest" name="testAddNewUserRoleButton" time="4.354"/>
  <system-out/>
  <testcase classname="com.Optiomax.testCases.UserRolesTest" name="testSearchFunctionality" time="3.916"/>
  <system-out/>
  <testcase classname="com.Optiomax.testCases.UserRolesTest" name="testPartialSearchFunctionality" time="3.804"/>
  <system-out/>
  <testcase classname="com.Optiomax.testCases.UserRolesTest" name="testSearchNoResults" time="4.244"/>
  <system-out/>
  <testcase classname="com.Optiomax.testCases.UserRolesTest" name="testExportCSV" time="4.026"/>
  <system-out/>
  <testcase classname="com.Optiomax.testCases.UserRolesTest" name="testFilterValidCriteria" time="3.603"/>
  <system-out/>
  <testcase classname="com.Optiomax.testCases.UserRolesTest" name="testToggleListView" time="3.695"/>
  <system-out/>
  <testcase classname="com.Optiomax.testCases.UserRolesTest" name="testToggleGridView" time="3.687"/>
  <system-out/>
  <testcase classname="com.Optiomax.testCases.UserRolesTest" name="testNextPageButton" time="6.713"/>
  <system-out/>
  <testcase classname="com.Optiomax.testCases.UserRolesTest" name="testPreviousPageButton" time="3.651"/>
  <system-out/>
</testsuite> <!-- com.Optiomax.testCases.UserRolesTest -->
