<?xml version="1.0" encoding="UTF-8"?>
<!-- Generated by org.testng.reporters.JUnitReportReporter -->
<testsuite hostname="Janodya-lap" failures="0" tests="7" name="com.Optiomax.testCases.AddWorkflowTest" time="28.572" errors="0" timestamp="2024-06-27T11:55:31 IST" skipped="0">
  <testcase classname="com.Optiomax.testCases.AddWorkflowTest" name="addNewWorkflowWithValidData" time="6.799"/>
  <system-out/>
  <testcase classname="com.Optiomax.testCases.AddWorkflowTest" name="verifyErrorHandlingForRequiredFields" time="3.268"/>
  <system-out/>
  <testcase classname="com.Optiomax.testCases.AddWorkflowTest" name="verifyAddingWorkflowWithDuplicateData" time="4.813"/>
  <system-out/>
  <testcase classname="com.Optiomax.testCases.AddWorkflowTest" name="verifyAddingWorkflowWithEmptyDescription" time="3.477"/>
  <system-out/>
  <testcase classname="com.Optiomax.testCases.AddWorkflowTest" name="verifyAddingWorkflowWithEmptyWorkflowName" time="3.436"/>
  <system-out/>
  <testcase classname="com.Optiomax.testCases.AddWorkflowTest" name="addNewWorkflowWithSpecialCharacters" time="6.607"/>
  <system-out/>
  <testcase classname="com.Optiomax.testCases.AddWorkflowTest" name="openAndCloseAddWorkflowModal" time="0.172"/>
  <system-out/>
</testsuite> <!-- com.Optiomax.testCases.AddWorkflowTest -->
