<?xml version="1.0" encoding="UTF-8"?>
<!-- Generated by org.testng.reporters.JUnitReportReporter -->
<testsuite hostname="Janodya-lap" failures="0" tests="9" name="com.Optiomax.testCases.AssetRequisitionTest" time="45.522" errors="0" timestamp="2024-09-18T10:07:48 IST" skipped="0">
  <testcase classname="com.Optiomax.testCases.AssetRequisitionTest" name="testPageLoad" time="0.076"/>
  <system-out/>
  <testcase classname="com.Optiomax.testCases.AssetRequisitionTest" name="testAssetRequisitionCardsDisplay" time="0.038"/>
  <system-out/>
  <testcase classname="com.Optiomax.testCases.AssetRequisitionTest" name="testAddNewAssetRequisitionButton" time="3.399"/>
  <system-out/>
  <testcase classname="com.Optiomax.testCases.AssetRequisitionTest" name="testSearchFunctionalityWithValidInput" time="7.042"/>
  <system-out/>
  <testcase classname="com.Optiomax.testCases.AssetRequisitionTest" name="testErrorHandlingForNonExistentAssetRequisitionID" time="4.260"/>
  <system-out/>
  <testcase classname="com.Optiomax.testCases.AssetRequisitionTest" name="testSearchWithPartialNames" time="9.121"/>
  <system-out/>
  <testcase classname="com.Optiomax.testCases.AssetRequisitionTest" name="testToggleGridView" time="7.014"/>
  <system-out/>
  <testcase classname="com.Optiomax.testCases.AssetRequisitionTest" name="testNextPageButton" time="10.306"/>
  <system-out/>
  <testcase classname="com.Optiomax.testCases.AssetRequisitionTest" name="testPreviousPageButton" time="4.266"/>
  <system-out/>
</testsuite> <!-- com.Optiomax.testCases.AssetRequisitionTest -->
