<?xml version="1.0" encoding="UTF-8"?>
<!-- Generated by org.testng.reporters.JUnitReportReporter -->
<testsuite hostname="Janodya-lap" failures="0" tests="6" name="com.Optiomax.testCases.DeleteWorkflowTest" time="8.758" errors="0" timestamp="2024-06-26T11:39:20 IST" skipped="0">
  <testcase classname="com.Optiomax.testCases.DeleteWorkflowTest" name="deleteWorkflowWithCorrectName" time="0.372"/>
  <system-out/>
  <testcase classname="com.Optiomax.testCases.DeleteWorkflowTest" name="deleteWorkflowWithUnmatchedName" time="1.117"/>
  <system-out/>
  <testcase classname="com.Optiomax.testCases.DeleteWorkflowTest" name="deleteWorkflowWithoutName" time="0.396"/>
  <system-out/>
  <testcase classname="com.Optiomax.testCases.DeleteWorkflowTest" name="deleteWorkflowAndCancel" time="0.197"/>
  <system-out/>
  <testcase classname="com.Optiomax.testCases.DeleteWorkflowTest" name="closeDialogAfterCorrectName" time="0.289"/>
  <system-out/>
  <testcase classname="com.Optiomax.testCases.DeleteWorkflowTest" name="closeDialogAfterIncorrectName" time="6.387"/>
  <system-out/>
</testsuite> <!-- com.Optiomax.testCases.DeleteWorkflowTest -->
