<?xml version="1.0" encoding="UTF-8"?>
<!-- Generated by org.testng.reporters.JUnitReportReporter -->
<testsuite hostname="Janodya-lap" failures="0" tests="11" name="com.Optiomax.testCases.UsersTest" time="44.974" errors="0" timestamp="2024-09-13T12:26:11 IST" skipped="0">
  <testcase classname="com.Optiomax.testCases.UsersTest" name="testAddNewUsersButton" time="4.295"/>
  <system-out/>
  <testcase classname="com.Optiomax.testCases.UsersTest" name="testSearchFunctionality" time="3.921"/>
  <system-out/>
  <testcase classname="com.Optiomax.testCases.UsersTest" name="testPartialSearchFunctionality" time="3.968"/>
  <system-out/>
  <testcase classname="com.Optiomax.testCases.UsersTest" name="testSearchNoResults" time="3.829"/>
  <system-out/>
  <testcase classname="com.Optiomax.testCases.UsersTest" name="testExportCSV" time="3.841"/>
  <system-out/>
  <testcase classname="com.Optiomax.testCases.UsersTest" name="testFilterValidCriteria" time="3.734"/>
  <system-out/>
  <testcase classname="com.Optiomax.testCases.UsersTest" name="testFilterNonExistingData" time="3.693"/>
  <system-out/>
  <testcase classname="com.Optiomax.testCases.UsersTest" name="testToggleListView" time="3.672"/>
  <system-out/>
  <testcase classname="com.Optiomax.testCases.UsersTest" name="testToggleGridView" time="3.667"/>
  <system-out/>
  <testcase classname="com.Optiomax.testCases.UsersTest" name="testNextPageButton" time="6.698"/>
  <system-out/>
  <testcase classname="com.Optiomax.testCases.UsersTest" name="testPreviousPageButton" time="3.656"/>
  <system-out/>
</testsuite> <!-- com.Optiomax.testCases.UsersTest -->
