<?xml version="1.0" encoding="UTF-8"?>
<!-- Generated by org.testng.reporters.JUnitReportReporter -->
<testsuite hostname="Janodya-lap" failures="0" tests="11" name="com.Optiomax.testCases.UsersTest" time="18.668" errors="0" timestamp="2024-09-05T15:01:38 IST" skipped="0">
  <testcase classname="com.Optiomax.testCases.UsersTest" name="testAddNewUsersButton" time="3.924"/>
  <system-out/>
  <testcase classname="com.Optiomax.testCases.UsersTest" name="testSearchFunctionality" time="3.944"/>
  <system-out/>
  <testcase classname="com.Optiomax.testCases.UsersTest" name="testSearchNoResults" time="0.842"/>
  <system-out/>
  <testcase classname="com.Optiomax.testCases.UsersTest" name="testExportCSV" time="0.699"/>
  <system-out/>
  <testcase classname="com.Optiomax.testCases.UsersTest" name="testFilterValidCriteria" time="0.794"/>
  <system-out/>
  <testcase classname="com.Optiomax.testCases.UsersTest" name="testFilterInvalidCriteria" time="0.941"/>
  <system-out/>
  <testcase classname="com.Optiomax.testCases.UsersTest" name="testFilterNonExistingData" time="1.041"/>
  <system-out/>
  <testcase classname="com.Optiomax.testCases.UsersTest" name="testToggleListView" time="0.982"/>
  <system-out/>
  <testcase classname="com.Optiomax.testCases.UsersTest" name="testToggleGridView" time="0.772"/>
  <system-out/>
  <testcase classname="com.Optiomax.testCases.UsersTest" name="testNextPageButton" time="3.723"/>
  <system-out/>
  <testcase classname="com.Optiomax.testCases.UsersTest" name="testPreviousPageButton" time="1.006"/>
  <system-out/>
</testsuite> <!-- com.Optiomax.testCases.UsersTest -->
