<?xml version="1.0" encoding="UTF-8"?>
<!-- Generated by org.testng.reporters.JUnitReportReporter -->
<testsuite hostname="Janodya-lap" failures="0" tests="12" name="com.Optiomax.testCases.SupplierTest" time="43.980" errors="0" timestamp="2024-09-18T12:32:22 IST" skipped="0">
  <testcase classname="com.Optiomax.testCases.SupplierTest" name="testPageLoad" time="0.046"/>
  <system-out/>
  <testcase classname="com.Optiomax.testCases.SupplierTest" name="testSupplierCardsDisplay" time="0.025"/>
  <system-out/>
  <testcase classname="com.Optiomax.testCases.SupplierTest" name="testAddNewSupplierButton" time="4.312"/>
  <system-out/>
  <testcase classname="com.Optiomax.testCases.SupplierTest" name="testUpdateButtonFunctionality" time="7.271"/>
  <system-out/>
  <testcase classname="com.Optiomax.testCases.SupplierTest" name="testDeleteButtonFunctionality" time="6.767"/>
  <system-out/>
  <testcase classname="com.Optiomax.testCases.SupplierTest" name="testSearchFunctionalityWithValidInput" time="3.808"/>
  <system-out/>
  <testcase classname="com.Optiomax.testCases.SupplierTest" name="testErrorHandlingForNonExistentSupplier" time="3.709"/>
  <system-out/>
  <testcase classname="com.Optiomax.testCases.SupplierTest" name="testSearchFunctionalityWithPartialNames" time="3.712"/>
  <system-out/>
  <testcase classname="com.Optiomax.testCases.SupplierTest" name="testToggleGridView" time="3.622"/>
  <system-out/>
  <testcase classname="com.Optiomax.testCases.SupplierTest" name="testToggleListView" time="3.569"/>
  <system-out/>
  <testcase classname="com.Optiomax.testCases.SupplierTest" name="testExportCSV" time="3.560"/>
  <system-out/>
  <testcase classname="com.Optiomax.testCases.SupplierTest" name="testFilterValidCriteria" time="3.579"/>
  <system-out/>
</testsuite> <!-- com.Optiomax.testCases.SupplierTest -->
