<?xml version="1.0" encoding="UTF-8"?>
<!-- Generated by org.testng.reporters.JUnitReportReporter -->
<testsuite hostname="Janodya-lap" failures="0" tests="13" name="com.Optiomax.testCases.AssetManagementTest" time="62.172" errors="0" timestamp="2024-09-18T14:04:30 IST" skipped="0">
  <testcase classname="com.Optiomax.testCases.AssetManagementTest" name="testPageLoad" time="5.093"/>
  <system-out/>
  <testcase classname="com.Optiomax.testCases.AssetManagementTest" name="testAssetManagementCardsDisplay" time="0.029"/>
  <system-out/>
  <testcase classname="com.Optiomax.testCases.AssetManagementTest" name="testAssetRecordRegister" time="3.348"/>
  <system-out/>
  <testcase classname="com.Optiomax.testCases.AssetManagementTest" name="testSearchFunctionalityWithValidInput" time="10.671"/>
  <system-out/>
  <testcase classname="com.Optiomax.testCases.AssetManagementTest" name="testErrorHandlingForNonExistentAssetSerialNumber" time="6.565"/>
  <system-out/>
  <testcase classname="com.Optiomax.testCases.AssetManagementTest" name="testSearchWithPartialSerialNumber" time="6.675"/>
  <system-out/>
  <testcase classname="com.Optiomax.testCases.AssetManagementTest" name="testViewAssetManagement" time="6.232"/>
  <system-out/>
  <testcase classname="com.Optiomax.testCases.AssetManagementTest" name="testUpdateAssetManagement" time="7.476"/>
  <system-out/>
  <testcase classname="com.Optiomax.testCases.AssetManagementTest" name="testDeleteAssetManagement" time="6.588"/>
  <system-out/>
  <testcase classname="com.Optiomax.testCases.AssetManagementTest" name="testToggleListView" time="0.781"/>
  <system-out/>
  <testcase classname="com.Optiomax.testCases.AssetManagementTest" name="testToggleGridView" time="0.693"/>
  <system-out/>
  <testcase classname="com.Optiomax.testCases.AssetManagementTest" name="testNextPageButton" time="3.708"/>
  <system-out/>
  <testcase classname="com.Optiomax.testCases.AssetManagementTest" name="testPreviousPageButton" time="4.313"/>
  <system-out/>
</testsuite> <!-- com.Optiomax.testCases.AssetManagementTest -->
