<?xml version="1.0" encoding="UTF-8"?>
<!-- Generated by org.testng.reporters.JUnitReportReporter -->
<testsuite hostname="Janodya-lap" failures="0" tests="9" name="com.Optiomax.testCases.SupplierQuotationTest" time="27.439" errors="0" timestamp="2024-09-18T14:01:55 IST" skipped="0">
  <testcase classname="com.Optiomax.testCases.SupplierQuotationTest" name="testPageLoad" time="0.046"/>
  <system-out/>
  <testcase classname="com.Optiomax.testCases.SupplierQuotationTest" name="testSupplierQuotationCardsDisplay" time="0.033"/>
  <system-out/>
  <testcase classname="com.Optiomax.testCases.SupplierQuotationTest" name="testSearchFunctionalityWithValidProcurementID" time="3.821"/>
  <system-out/>
  <testcase classname="com.Optiomax.testCases.SupplierQuotationTest" name="testErrorHandlingForNonExistentProcurementID" time="3.876"/>
  <system-out/>
  <testcase classname="com.Optiomax.testCases.SupplierQuotationTest" name="testSearchFunctionalityWithPartialProcurementID" time="4.105"/>
  <system-out/>
  <testcase classname="com.Optiomax.testCases.SupplierQuotationTest" name="testToggleGridView" time="3.865"/>
  <system-out/>
  <testcase classname="com.Optiomax.testCases.SupplierQuotationTest" name="testToggleListView" time="4.135"/>
  <system-out/>
  <testcase classname="com.Optiomax.testCases.SupplierQuotationTest" name="testExportCSV" time="3.829"/>
  <system-out/>
  <testcase classname="com.Optiomax.testCases.SupplierQuotationTest" name="testFilterValidCriteria" time="3.729"/>
  <system-out/>
</testsuite> <!-- com.Optiomax.testCases.SupplierQuotationTest -->
