<?xml version="1.0" encoding="UTF-8"?>
<!-- Generated by org.testng.reporters.JUnitReportReporter -->
<testsuite hostname="Janodya-lap" failures="0" tests="9" name="com.Optiomax.testCases.AssetRequisitionTest" time="43.284" errors="0" timestamp="2024-09-13T16:24:37 IST" skipped="0">
  <testcase classname="com.Optiomax.testCases.AssetRequisitionTest" name="testPageLoad" time="0.045"/>
  <system-out/>
  <testcase classname="com.Optiomax.testCases.AssetRequisitionTest" name="testAssetRequisitionCardsDisplay" time="0.030"/>
  <system-out/>
  <testcase classname="com.Optiomax.testCases.AssetRequisitionTest" name="testAddNewAssetRequisitionButton" time="3.343"/>
  <system-out/>
  <testcase classname="com.Optiomax.testCases.AssetRequisitionTest" name="testSearchFunctionalityWithValidInput" time="6.897"/>
  <system-out/>
  <testcase classname="com.Optiomax.testCases.AssetRequisitionTest" name="testErrorHandlingForNonExistentAssetRequisitionID" time="4.210"/>
  <system-out/>
  <testcase classname="com.Optiomax.testCases.AssetRequisitionTest" name="testSearchWithPartialNames" time="8.840"/>
  <system-out/>
  <testcase classname="com.Optiomax.testCases.AssetRequisitionTest" name="testToggleGridView" time="6.604"/>
  <system-out/>
  <testcase classname="com.Optiomax.testCases.AssetRequisitionTest" name="testNextPageButton" time="9.742"/>
  <system-out/>
  <testcase classname="com.Optiomax.testCases.AssetRequisitionTest" name="testPreviousPageButton" time="3.573"/>
  <system-out/>
</testsuite> <!-- com.Optiomax.testCases.AssetRequisitionTest -->
